1562505327651	geckodriver	INFO	geckodriver 0.20.1
1562505327657	geckodriver	INFO	Listening on 127.0.0.1:52965
1562505330802	mozrunner::runner	INFO	Running command: "C:\\Program Files\\Mozilla Firefox\\firefox.exe" "-marionette" "-profile" "C:\\Users\\skoty\\AppData\\Local\\Temp\\rust_mozprofile.7BoSLBfb63Ph"
Unable to read VR Path Registry from C:\Users\skoty\AppData\Local\openvr\openvrpaths.vrpath
[Child 3440, Chrome_ChildThread] WARNING: pipe error: 109: file z:/build/build/src/ipc/chromium/src/chrome/common/ipc_channel_win.cc, line 346
[Child 3440, Chrome_ChildThread] WARNING: pipe error: 109: file z:/build/build/src/ipc/chromium/src/chrome/common/ipc_channel_win.cc, line 346
1562505349621	Marionette	INFO	Listening on port 52973
1562505350706	Marionette	WARN	TLS certificate errors will be ignored for this session
Unable to read VR Path Registry from C:\Users\skoty\AppData\Local\openvr\openvrpaths.vrpath
[Parent 9564, Gecko_IOThread] WARNING: pipe error: 109: file z:/build/build/src/ipc/chromium/src/chrome/common/ipc_channel_win.cc, line 346
Unable to read VR Path Registry from C:\Users\skoty\AppData\Local\openvr\openvrpaths.vrpath
[Child 10124, Chrome_ChildThread] WARNING: pipe error: 109: file z:/build/build/src/ipc/chromium/src/chrome/common/ipc_channel_win.cc, line 346
[Parent 9564, Gecko_IOThread] WARNING: pipe error: 109: file z:/build/build/src/ipc/chromium/src/chrome/common/ipc_channel_win.cc, line 346
Unable to read VR Path Registry from C:\Users\skoty\AppData\Local\openvr\openvrpaths.vrpath
[Child 9992, Chrome_ChildThread] WARNING: pipe error: 109: file z:/build/build/src/ipc/chromium/src/chrome/common/ipc_channel_win.cc, line 346
[Parent 9564, Gecko_IOThread] WARNING: pipe error: 109: file z:/build/build/src/ipc/chromium/src/chrome/common/ipc_channel_win.cc, line 346
Unable to read VR Path Registry from C:\Users\skoty\AppData\Local\openvr\openvrpaths.vrpath
[Child 7436, Chrome_ChildThread] WARNING: pipe error: 109: file z:/build/build/src/ipc/chromium/src/chrome/common/ipc_channel_win.cc, line 346
[Child 7436, Chrome_ChildThread] WARNING: pipe error: 109: file z:/build/build/src/ipc/chromium/src/chrome/common/ipc_channel_win.cc, line 346
Unable to read VR Path Registry from C:\Users\skoty\AppData\Local\openvr\openvrpaths.vrpath
[GPU 8076, Chrome_ChildThread] WARNING: pipe error: 109: file z:/build/build/src/ipc/chromium/src/chrome/common/ipc_channel_win.cc, line 346

###!!! [Child][MessageChannel::SendAndWait] Error: Channel error: cannot send/recv

1562609291551	geckodriver	INFO	geckodriver 0.20.1
1562609291558	geckodriver	INFO	Listening on 127.0.0.1:49336
1562609294541	mozrunner::runner	INFO	Running command: "C:\\Program Files\\Mozilla Firefox\\firefox.exe" "-marionette" "-profile" "C:\\Users\\skoty\\AppData\\Local\\Temp\\rust_mozprofile.G14etU832fFH"
1562609297958	Marionette	INFO	Listening on port 49344
1562609298010	Marionette	WARN	TLS certificate errors will be ignored for this session
Unable to read VR Path Registry from C:\Users\skoty\AppData\Local\openvr\openvrpaths.vrpath
[Parent 5908, Gecko_IOThread] WARNING: pipe error: 109: file z:/build/build/src/ipc/chromium/src/chrome/common/ipc_channel_win.cc, line 346
[Parent 5908, Gecko_IOThread] WARNING: pipe error: 109: file z:/build/build/src/ipc/chromium/src/chrome/common/ipc_channel_win.cc, line 346
Unable to read VR Path Registry from C:\Users\skoty\AppData\Local\openvr\openvrpaths.vrpath
[Child 7464, Chrome_ChildThread] WARNING: pipe error: 109: file z:/build/build/src/ipc/chromium/src/chrome/common/ipc_channel_win.cc, line 346
[Parent 5908, Gecko_IOThread] WARNING: pipe error: 109: file z:/build/build/src/ipc/chromium/src/chrome/common/ipc_channel_win.cc, line 346
Unable to read VR Path Registry from C:\Users\skoty\AppData\Local\openvr\openvrpaths.vrpath
[GPU 7580, Chrome_ChildThread] WARNING: pipe error: 109: file z:/build/build/src/ipc/chromium/src/chrome/common/ipc_channel_win.cc, line 346

###!!! [Child][MessageChannel::SendAndWait] Error: Channel error: cannot send/recv

1564519334727	geckodriver	INFO	geckodriver 0.20.1
1564519334744	geckodriver	INFO	Listening on 127.0.0.1:49459
1564519337760	mozrunner::runner	INFO	Running command: "C:\\Program Files\\Mozilla Firefox\\firefox.exe" "-marionette" "-profile" "C:\\Users\\skoty\\AppData\\Local\\Temp\\rust_mozprofile.qq9IZrEjZ6Wd"
1564519342651	Marionette	INFO	Listening on port 49467
1564519343128	Marionette	WARN	TLS certificate errors will be ignored for this session
Unable to read VR Path Registry from C:\Users\skoty\AppData\Local\openvr\openvrpaths.vrpath
[Parent 4264, Gecko_IOThread] WARNING: pipe error: 109: file z:/build/build/src/ipc/chromium/src/chrome/common/ipc_channel_win.cc, line 346
[Parent 4264, Gecko_IOThread] WARNING: pipe error: 109: file z:/build/build/src/ipc/chromium/src/chrome/common/ipc_channel_win.cc, line 346
Unable to read VR Path Registry from C:\Users\skoty\AppData\Local\openvr\openvrpaths.vrpath
[Child 5676, Chrome_ChildThread] WARNING: pipe error: 109: file z:/build/build/src/ipc/chromium/src/chrome/common/ipc_channel_win.cc, line 346
[Child 5676, Chrome_ChildThread] WARNING: pipe error: 109: file z:/build/build/src/ipc/chromium/src/chrome/common/ipc_channel_win.cc, line 346
[Parent 4264, Gecko_IOThread] WARNING: pipe error: 109: file z:/build/build/src/ipc/chromium/src/chrome/common/ipc_channel_win.cc, line 346
Unable to read VR Path Registry from C:\Users\skoty\AppData\Local\openvr\openvrpaths.vrpath
[Child 4344, Chrome_ChildThread] WARNING: pipe error: 109: file z:/build/build/src/ipc/chromium/src/chrome/common/ipc_channel_win.cc, line 346
[Child 4344, Chrome_ChildThread] WARNING: pipe error: 109: file z:/build/build/src/ipc/chromium/src/chrome/common/ipc_channel_win.cc, line 346
Unable to read VR Path Registry from C:\Users\skoty\AppData\Local\openvr\openvrpaths.vrpath
[GPU 3320, Chrome_ChildThread] WARNING: pipe error: 109: file z:/build/build/src/ipc/chromium/src/chrome/common/ipc_channel_win.cc, line 346

###!!! [Child][MessageChannel::SendAndWait] Error: Channel error: cannot send/recv

1599817919138	geckodriver	INFO	geckodriver 0.20.1
1599817919172	geckodriver	INFO	Listening on 127.0.0.1:50949
1599817922535	mozrunner::runner	INFO	Running command: "C:\\Program Files\\Mozilla Firefox\\firefox.exe" "-marionette" "-profile" "C:\\Users\\skoty\\AppData\\Local\\Temp\\rust_mozprofile.6o8uo6lFLr7t"
Unable to read VR Path Registry from C:\Users\skoty\AppData\Local\openvr\openvrpaths.vrpath
Unable to read VR Path Registry from C:\Users\skoty\AppData\Local\openvr\openvrpaths.vrpath
Unable to read VR Path Registry from C:\Users\skoty\AppData\Local\openvr\openvrpaths.vrpath
Unable to read VR Path Registry from C:\Users\skoty\AppData\Local\openvr\openvrpaths.vrpath
Unable to read VR Path Registry from C:\Users\skoty\AppData\Local\openvr\openvrpaths.vrpath
1599817926033	Marionette	INFO	Listening on port 50957
1599817926114	Marionette	WARN	TLS certificate errors will be ignored for this session
[Parent 7952, Gecko_IOThread] WARNING: pipe error: 109: file z:/build/build/src/ipc/chromium/src/chrome/common/ipc_channel_win.cc, line 346
[Child 2932, Chrome_ChildThread] WARNING: pipe error: 109: file z:/build/build/src/ipc/chromium/src/chrome/common/ipc_channel_win.cc, line 346
[Child 2932, Chrome_ChildThread] WARNING: pipe error: 109: file z:/build/build[Parent 7952, Gecko_IOThread] WARNING: pipe error: 109: file z:/build/build/src/ipc/chromium/src/chrome/common/ipc_channel_win.cc, line 346
[Child 4744, Chrome_ChildThread] WARNING: pipe error: 109: file z:/build/build/src/ipc/chromium/src/chrome/common/ipc_channel_win.cc, line 346
[Child 4744, [Parent 7952, Gecko_IOThread] WARNING: pipe error: 109: file z:/build/build/src/ipc/chromium/src/chrome/common/ipc_channel_win.cc, line 346
[Child 3208, Chrome_ChildThread] WARNING: pipe error: 109: file z:/build/build/src/ipc/chromium/src/chrome/common/ipc_channel_win.cc, line 346
[Child 3208, Chrome_C*** UTM:SVC TimerManager:registerTimer called after profile-before-change notification. Ignoring timer registration for id: telemetry_modules_ping
[GPU 664
###!!! [Child][MessageChannel::SendAndWait] Error: Channel error: cannot send/recv

